2020-06-11 18:09:37.622  INFO 8044 --- [main] c.m.dormitory.restful.RestApplication    : Starting RestApplication on Buravskiy-PC with PID 8044 (C:\Users\HORROR\IdeaProjects\DormitoryRESTDeployment\target\classes started by HORROR in C:\Users\HORROR\IdeaProjects\DormitoryRESTDeployment)
2020-06-11 18:09:37.624  INFO 8044 --- [main] c.m.dormitory.restful.RestApplication    : No active profile set, falling back to default profiles: default
2020-06-11 18:09:38.629  INFO 8044 --- [main] .s.d.r.c.RepositoryConfigurationDelegate : Bootstrapping Spring Data JPA repositories in DEFERRED mode.
2020-06-11 18:09:38.696  INFO 8044 --- [main] .s.d.r.c.RepositoryConfigurationDelegate : Finished Spring Data repository scanning in 61ms. Found 6 JPA repository interfaces.
2020-06-11 18:09:38.924  INFO 8044 --- [main] trationDelegate$BeanPostProcessorChecker : Bean 'org.springframework.security.access.expression.method.DefaultMethodSecurityExpressionHandler@45c9b3' of type [org.springframework.security.access.expression.method.DefaultMethodSecurityExpressionHandler] is not eligible for getting processed by all BeanPostProcessors (for example: not eligible for auto-proxying)
2020-06-11 18:09:38.928  INFO 8044 --- [main] trationDelegate$BeanPostProcessorChecker : Bean 'methodSecurityMetadataSource' of type [org.springframework.security.access.method.DelegatingMethodSecurityMetadataSource] is not eligible for getting processed by all BeanPostProcessors (for example: not eligible for auto-proxying)
2020-06-11 18:09:39.092  INFO 8044 --- [main] o.s.b.w.embedded.tomcat.TomcatWebServer  : Tomcat initialized with port(s): 8100 (http)
2020-06-11 18:09:39.097  INFO 8044 --- [main] o.apache.catalina.core.StandardService   : Starting service [Tomcat]
2020-06-11 18:09:39.098  INFO 8044 --- [main] org.apache.catalina.core.StandardEngine  : Starting Servlet engine: [Apache Tomcat/9.0.35]
2020-06-11 18:09:39.191  INFO 8044 --- [main] o.a.c.c.C.[Tomcat].[localhost].[/]       : Initializing Spring embedded WebApplicationContext
2020-06-11 18:09:39.191  INFO 8044 --- [main] o.s.web.context.ContextLoader            : Root WebApplicationContext: initialization completed in 1529 ms
2020-06-11 18:09:39.303  INFO 8044 --- [main] o.s.s.concurrent.ThreadPoolTaskExecutor  : Initializing ExecutorService 'applicationTaskExecutor'
2020-06-11 18:09:39.335  INFO 8044 --- [task-1] o.hibernate.jpa.internal.util.LogHelper  : HHH000204: Processing PersistenceUnitInfo [name: default]
2020-06-11 18:09:39.365  INFO 8044 --- [task-1] org.hibernate.Version                    : HHH000412: Hibernate ORM core version 5.4.15.Final
2020-06-11 18:09:39.446  INFO 8044 --- [task-1] o.hibernate.annotations.common.Version   : HCANN000001: Hibernate Commons Annotations {5.1.0.Final}
2020-06-11 18:09:39.515  INFO 8044 --- [task-1] com.zaxxer.hikari.HikariDataSource       : HikariPool-1 - Starting...
2020-06-11 18:09:40.120  INFO 8044 --- [task-1] com.zaxxer.hikari.HikariDataSource       : HikariPool-1 - Start completed.
2020-06-11 18:09:40.130  INFO 8044 --- [task-1] org.hibernate.dialect.Dialect            : HHH000400: Using dialect: org.hibernate.dialect.PostgreSQLDialect
2020-06-11 18:09:43.134  INFO 8044 --- [task-1] o.h.e.t.j.p.i.JtaPlatformInitiator       : HHH000490: Using JtaPlatform implementation: [org.hibernate.engine.transaction.jta.platform.internal.NoJtaPlatform]
2020-06-11 18:09:43.139  INFO 8044 --- [task-1] j.LocalContainerEntityManagerFactoryBean : Initialized JPA EntityManagerFactory for persistence unit 'default'
2020-06-11 18:09:43.378 DEBUG 8044 --- [main] edFilterInvocationSecurityMetadataSource : Adding web access control expression 'permitAll', for Ant [pattern='/']
2020-06-11 18:09:43.379 DEBUG 8044 --- [main] edFilterInvocationSecurityMetadataSource : Adding web access control expression 'permitAll', for Ant [pattern='/favicon.ico']
2020-06-11 18:09:43.379 DEBUG 8044 --- [main] edFilterInvocationSecurityMetadataSource : Adding web access control expression 'permitAll', for Ant [pattern='/auth/login']
2020-06-11 18:09:43.379 DEBUG 8044 --- [main] edFilterInvocationSecurityMetadataSource : Adding web access control expression 'hasRole('ROLE_SUPERVISOR')', for Ant [pattern='/api/residents/**', DELETE]
2020-06-11 18:09:43.380 DEBUG 8044 --- [main] edFilterInvocationSecurityMetadataSource : Adding web access control expression 'authenticated', for any request
2020-06-11 18:09:43.383 DEBUG 8044 --- [main] o.s.s.w.a.i.FilterSecurityInterceptor    : Validated configuration attributes
2020-06-11 18:09:43.383 DEBUG 8044 --- [main] o.s.s.w.a.i.FilterSecurityInterceptor    : Validated configuration attributes
2020-06-11 18:09:43.385  INFO 8044 --- [main] o.s.s.web.DefaultSecurityFilterChain     : Creating filter chain: any request, [org.springframework.security.web.context.request.async.WebAsyncManagerIntegrationFilter@8851ec, org.springframework.security.web.context.SecurityContextPersistenceFilter@6f2d3391, org.springframework.security.web.header.HeaderWriterFilter@38022758, org.springframework.security.web.authentication.logout.LogoutFilter@329b331f, com.m1nist3r.dormitory.restful.security.jwt.JwtTokenAuthenticationFilter@18b40fe6, org.springframework.security.web.savedrequest.RequestCacheAwareFilter@42cc420b, org.springframework.security.web.servletapi.SecurityContextHolderAwareRequestFilter@3b5da0b0, org.springframework.security.web.authentication.AnonymousAuthenticationFilter@7198ab9a, org.springframework.security.web.session.SessionManagementFilter@2dd3d39d, org.springframework.security.web.access.ExceptionTranslationFilter@3e753289, org.springframework.security.web.access.intercept.FilterSecurityInterceptor@7757a37f]
2020-06-11 18:09:43.410 DEBUG 8044 --- [main] o.s.s.a.i.a.MethodSecurityInterceptor    : Validated configuration attributes
2020-06-11 18:09:43.421  INFO 8044 --- [main] pertySourcedRequestMappingHandlerMapping : Mapped URL path [/v2/api-docs] onto method [springfox.documentation.swagger2.web.Swagger2Controller#getDocumentation(String, HttpServletRequest)]
2020-06-11 18:09:43.551  INFO 8044 --- [main] o.s.b.a.w.s.WelcomePageHandlerMapping    : Adding welcome page template: index
2020-06-11 18:09:43.656 DEBUG 8044 --- [main] eGlobalAuthenticationAutowiredConfigurer : Eagerly initializing {securityConfiguration=com.m1nist3r.dormitory.restful.security.configuration.SecurityConfiguration$$EnhancerBySpringCGLIB$$ca3c6080@1cd2143b}
2020-06-11 18:09:43.676  WARN 8044 --- [main] ConfigServletWebServerApplicationContext : Exception encountered during context initialization - cancelling refresh attempt: org.springframework.context.ApplicationContextException: Failed to start bean 'webServerStartStop'; nested exception is org.springframework.boot.web.server.PortInUseException: Port 8100 is already in use
2020-06-11 18:09:43.679  INFO 8044 --- [main] j.LocalContainerEntityManagerFactoryBean : Closing JPA EntityManagerFactory for persistence unit 'default'
2020-06-11 18:09:43.680  INFO 8044 --- [main] o.s.s.concurrent.ThreadPoolTaskExecutor  : Shutting down ExecutorService 'applicationTaskExecutor'
2020-06-11 18:09:43.680  INFO 8044 --- [main] com.zaxxer.hikari.HikariDataSource       : HikariPool-1 - Shutdown initiated...
2020-06-11 18:09:43.690  INFO 8044 --- [main] com.zaxxer.hikari.HikariDataSource       : HikariPool-1 - Shutdown completed.
2020-06-11 18:09:43.692  INFO 8044 --- [main] o.apache.catalina.core.StandardService   : Stopping service [Tomcat]
2020-06-11 18:09:43.700  INFO 8044 --- [main] ConditionEvaluationReportLoggingListener : 

Error starting ApplicationContext. To display the conditions report re-run your application with 'debug' enabled.
2020-06-11 18:09:43.703 ERROR 8044 --- [main] o.s.b.d.LoggingFailureAnalysisReporter   : 

***************************
APPLICATION FAILED TO START
***************************

Description:

Web server failed to start. Port 8100 was already in use.

Action:

Identify and stop the process that's listening on port 8100 or configure this application to listen on another port.

2020-06-11 18:36:14.893  INFO 5968 --- [main] c.m.d.restful.RestApplicationTests       : Starting RestApplicationTests on Buravskiy-PC with PID 5968 (started by HORROR in C:\Users\HORROR\IdeaProjects\DormitoryRESTDeployment)
2020-06-11 18:36:14.895  INFO 5968 --- [main] c.m.d.restful.RestApplicationTests       : No active profile set, falling back to default profiles: default
2020-06-11 18:36:16.257  INFO 5968 --- [main] .s.d.r.c.RepositoryConfigurationDelegate : Bootstrapping Spring Data JPA repositories in DEFERRED mode.
2020-06-11 18:36:16.341  INFO 5968 --- [main] .s.d.r.c.RepositoryConfigurationDelegate : Finished Spring Data repository scanning in 75ms. Found 6 JPA repository interfaces.
2020-06-11 18:36:16.832  INFO 5968 --- [main] trationDelegate$BeanPostProcessorChecker : Bean 'org.springframework.security.access.expression.method.DefaultMethodSecurityExpressionHandler@2baac4a7' of type [org.springframework.security.access.expression.method.DefaultMethodSecurityExpressionHandler] is not eligible for getting processed by all BeanPostProcessors (for example: not eligible for auto-proxying)
2020-06-11 18:36:16.850  INFO 5968 --- [main] trationDelegate$BeanPostProcessorChecker : Bean 'methodSecurityMetadataSource' of type [org.springframework.security.access.method.DelegatingMethodSecurityMetadataSource] is not eligible for getting processed by all BeanPostProcessors (for example: not eligible for auto-proxying)
2020-06-11 18:36:17.067  INFO 5968 --- [main] o.s.s.concurrent.ThreadPoolTaskExecutor  : Initializing ExecutorService 'applicationTaskExecutor'
2020-06-11 18:36:17.156  INFO 5968 --- [task-1] o.hibernate.jpa.internal.util.LogHelper  : HHH000204: Processing PersistenceUnitInfo [name: default]
2020-06-11 18:36:17.217  INFO 5968 --- [task-1] org.hibernate.Version                    : HHH000412: Hibernate ORM core version 5.4.15.Final
2020-06-11 18:36:17.386  INFO 5968 --- [task-1] o.hibernate.annotations.common.Version   : HCANN000001: Hibernate Commons Annotations {5.1.0.Final}
2020-06-11 18:36:17.541  INFO 5968 --- [task-1] com.zaxxer.hikari.HikariDataSource       : HikariPool-1 - Starting...
2020-06-11 18:36:18.200  INFO 5968 --- [task-1] com.zaxxer.hikari.HikariDataSource       : HikariPool-1 - Start completed.
2020-06-11 18:36:18.215  INFO 5968 --- [task-1] org.hibernate.dialect.Dialect            : HHH000400: Using dialect: org.hibernate.dialect.PostgreSQLDialect
2020-06-11 18:36:21.254  INFO 5968 --- [task-1] o.h.e.t.j.p.i.JtaPlatformInitiator       : HHH000490: Using JtaPlatform implementation: [org.hibernate.engine.transaction.jta.platform.internal.NoJtaPlatform]
2020-06-11 18:36:21.261  INFO 5968 --- [task-1] j.LocalContainerEntityManagerFactoryBean : Initialized JPA EntityManagerFactory for persistence unit 'default'
2020-06-11 18:36:21.767 DEBUG 5968 --- [main] edFilterInvocationSecurityMetadataSource : Adding web access control expression 'permitAll', for Ant [pattern='/']
2020-06-11 18:36:21.768 DEBUG 5968 --- [main] edFilterInvocationSecurityMetadataSource : Adding web access control expression 'permitAll', for Ant [pattern='/favicon.ico']
2020-06-11 18:36:21.770 DEBUG 5968 --- [main] edFilterInvocationSecurityMetadataSource : Adding web access control expression 'permitAll', for Ant [pattern='/auth/login']
2020-06-11 18:36:21.770 DEBUG 5968 --- [main] edFilterInvocationSecurityMetadataSource : Adding web access control expression 'hasRole('ROLE_SUPERVISOR')', for Ant [pattern='/api/residents/**', DELETE]
2020-06-11 18:36:21.771 DEBUG 5968 --- [main] edFilterInvocationSecurityMetadataSource : Adding web access control expression 'authenticated', for any request
2020-06-11 18:36:21.781 DEBUG 5968 --- [main] o.s.s.w.a.i.FilterSecurityInterceptor    : Validated configuration attributes
2020-06-11 18:36:21.781 DEBUG 5968 --- [main] o.s.s.w.a.i.FilterSecurityInterceptor    : Validated configuration attributes
2020-06-11 18:36:21.787  INFO 5968 --- [main] o.s.s.web.DefaultSecurityFilterChain     : Creating filter chain: any request, [org.springframework.security.web.context.request.async.WebAsyncManagerIntegrationFilter@1d9bd1d6, org.springframework.security.web.context.SecurityContextPersistenceFilter@24de63b, org.springframework.security.web.header.HeaderWriterFilter@733fa95c, org.springframework.security.web.authentication.logout.LogoutFilter@4ae958b0, com.m1nist3r.dormitory.restful.security.jwt.JwtTokenAuthenticationFilter@18ac4af6, org.springframework.security.web.savedrequest.RequestCacheAwareFilter@9cc0505, org.springframework.security.web.servletapi.SecurityContextHolderAwareRequestFilter@422ba9b7, org.springframework.security.web.authentication.AnonymousAuthenticationFilter@117fb9ba, org.springframework.security.web.session.SessionManagementFilter@57a982f9, org.springframework.security.web.access.ExceptionTranslationFilter@5a2035e1, org.springframework.security.web.access.intercept.FilterSecurityInterceptor@7ac1b6c0]
2020-06-11 18:36:21.812 DEBUG 5968 --- [main] o.s.s.a.i.a.MethodSecurityInterceptor    : Validated configuration attributes
2020-06-11 18:36:21.854  INFO 5968 --- [main] pertySourcedRequestMappingHandlerMapping : Mapped URL path [/v2/api-docs] onto method [springfox.documentation.swagger2.web.Swagger2Controller#getDocumentation(String, HttpServletRequest)]
2020-06-11 18:36:22.253  INFO 5968 --- [main] o.s.b.a.w.s.WelcomePageHandlerMapping    : Adding welcome page template: index
2020-06-11 18:36:22.574  INFO 5968 --- [main] o.s.b.t.m.w.SpringBootMockServletContext : Initializing Spring TestDispatcherServlet ''
2020-06-11 18:36:22.574  INFO 5968 --- [main] o.s.t.web.servlet.TestDispatcherServlet  : Initializing Servlet ''
2020-06-11 18:36:22.586  INFO 5968 --- [main] o.s.t.web.servlet.TestDispatcherServlet  : Completed initialization in 12 ms
2020-06-11 18:36:22.598 DEBUG 5968 --- [main] eGlobalAuthenticationAutowiredConfigurer : Eagerly initializing {securityConfiguration=com.m1nist3r.dormitory.restful.security.configuration.SecurityConfiguration$$EnhancerBySpringCGLIB$$c4d613c@8b670c0}
2020-06-11 18:36:22.602  INFO 5968 --- [main] d.s.w.p.DocumentationPluginsBootstrapper : Context refreshed
2020-06-11 18:36:22.622  INFO 5968 --- [main] d.s.w.p.DocumentationPluginsBootstrapper : Found 1 custom documentation plugin(s)
2020-06-11 18:36:22.651  INFO 5968 --- [main] s.d.s.w.s.ApiListingReferenceScanner     : Scanning for api listing references
2020-06-11 18:36:22.851  INFO 5968 --- [main] DeferredRepositoryInitializationListener : Triggering deferred initialization of Spring Data repositories…
2020-06-11 18:36:23.163  INFO 5968 --- [main] DeferredRepositoryInitializationListener : Spring Data repositories initialized!
2020-06-11 18:36:23.173  INFO 5968 --- [main] c.m.d.restful.RestApplicationTests       : Started RestApplicationTests in 9.304 seconds (JVM running for 10.357)
2020-06-11 18:36:23.375 DEBUG 5968 --- [main] o.s.security.web.FilterChainProxy        : /auth/login at position 1 of 11 in additional filter chain; firing Filter: 'WebAsyncManagerIntegrationFilter'
2020-06-11 18:36:23.376 DEBUG 5968 --- [main] o.s.security.web.FilterChainProxy        : /auth/login at position 2 of 11 in additional filter chain; firing Filter: 'SecurityContextPersistenceFilter'
2020-06-11 18:36:23.376 DEBUG 5968 --- [main] o.s.security.web.FilterChainProxy        : /auth/login at position 3 of 11 in additional filter chain; firing Filter: 'HeaderWriterFilter'
2020-06-11 18:36:23.378 DEBUG 5968 --- [main] o.s.security.web.FilterChainProxy        : /auth/login at position 4 of 11 in additional filter chain; firing Filter: 'LogoutFilter'
2020-06-11 18:36:23.378 DEBUG 5968 --- [main] o.s.s.web.util.matcher.OrRequestMatcher  : Trying to match using Ant [pattern='/logout', GET]
2020-06-11 18:36:23.378 DEBUG 5968 --- [main] o.s.s.w.u.matcher.AntPathRequestMatcher  : Request 'POST /auth/login' doesn't match 'GET /logout'
2020-06-11 18:36:23.378 DEBUG 5968 --- [main] o.s.s.web.util.matcher.OrRequestMatcher  : Trying to match using Ant [pattern='/logout', POST]
2020-06-11 18:36:23.379 DEBUG 5968 --- [main] o.s.s.w.u.matcher.AntPathRequestMatcher  : Checking match of request : '/auth/login'; against '/logout'
2020-06-11 18:36:23.379 DEBUG 5968 --- [main] o.s.s.web.util.matcher.OrRequestMatcher  : Trying to match using Ant [pattern='/logout', PUT]
2020-06-11 18:36:23.379 DEBUG 5968 --- [main] o.s.s.w.u.matcher.AntPathRequestMatcher  : Request 'POST /auth/login' doesn't match 'PUT /logout'
2020-06-11 18:36:23.379 DEBUG 5968 --- [main] o.s.s.web.util.matcher.OrRequestMatcher  : Trying to match using Ant [pattern='/logout', DELETE]
2020-06-11 18:36:23.379 DEBUG 5968 --- [main] o.s.s.w.u.matcher.AntPathRequestMatcher  : Request 'POST /auth/login' doesn't match 'DELETE /logout'
2020-06-11 18:36:23.379 DEBUG 5968 --- [main] o.s.s.web.util.matcher.OrRequestMatcher  : No matches found
2020-06-11 18:36:23.379 DEBUG 5968 --- [main] o.s.security.web.FilterChainProxy        : /auth/login at position 5 of 11 in additional filter chain; firing Filter: 'JwtTokenAuthenticationFilter'
2020-06-11 18:36:23.379 DEBUG 5968 --- [main] o.s.security.web.FilterChainProxy        : /auth/login at position 6 of 11 in additional filter chain; firing Filter: 'RequestCacheAwareFilter'
2020-06-11 18:36:23.379 DEBUG 5968 --- [main] o.s.security.web.FilterChainProxy        : /auth/login at position 7 of 11 in additional filter chain; firing Filter: 'SecurityContextHolderAwareRequestFilter'
2020-06-11 18:36:23.380 DEBUG 5968 --- [main] o.s.security.web.FilterChainProxy        : /auth/login at position 8 of 11 in additional filter chain; firing Filter: 'AnonymousAuthenticationFilter'
2020-06-11 18:36:23.381 DEBUG 5968 --- [main] o.s.s.w.a.AnonymousAuthenticationFilter  : Populated SecurityContextHolder with anonymous token: 'org.springframework.security.authentication.AnonymousAuthenticationToken@48ef6b8c: Principal: anonymousUser; Credentials: [PROTECTED]; Authenticated: true; Details: org.springframework.security.web.authentication.WebAuthenticationDetails@957e: RemoteIpAddress: 127.0.0.1; SessionId: null; Granted Authorities: ROLE_ANONYMOUS'
2020-06-11 18:36:23.381 DEBUG 5968 --- [main] o.s.security.web.FilterChainProxy        : /auth/login at position 9 of 11 in additional filter chain; firing Filter: 'SessionManagementFilter'
2020-06-11 18:36:23.381 DEBUG 5968 --- [main] o.s.security.web.FilterChainProxy        : /auth/login at position 10 of 11 in additional filter chain; firing Filter: 'ExceptionTranslationFilter'
2020-06-11 18:36:23.382 DEBUG 5968 --- [main] o.s.security.web.FilterChainProxy        : /auth/login at position 11 of 11 in additional filter chain; firing Filter: 'FilterSecurityInterceptor'
2020-06-11 18:36:23.382 DEBUG 5968 --- [main] o.s.s.w.u.matcher.AntPathRequestMatcher  : Checking match of request : '/auth/login'; against '/'
2020-06-11 18:36:23.382 DEBUG 5968 --- [main] o.s.s.w.u.matcher.AntPathRequestMatcher  : Checking match of request : '/auth/login'; against '/favicon.ico'
2020-06-11 18:36:23.383 DEBUG 5968 --- [main] o.s.s.w.u.matcher.AntPathRequestMatcher  : Checking match of request : '/auth/login'; against '/auth/login'
2020-06-11 18:36:23.383 DEBUG 5968 --- [main] o.s.s.w.a.i.FilterSecurityInterceptor    : Secure object: FilterInvocation: URL: /auth/login; Attributes: [permitAll]
2020-06-11 18:36:23.383 DEBUG 5968 --- [main] o.s.s.w.a.i.FilterSecurityInterceptor    : Previously Authenticated: org.springframework.security.authentication.AnonymousAuthenticationToken@48ef6b8c: Principal: anonymousUser; Credentials: [PROTECTED]; Authenticated: true; Details: org.springframework.security.web.authentication.WebAuthenticationDetails@957e: RemoteIpAddress: 127.0.0.1; SessionId: null; Granted Authorities: ROLE_ANONYMOUS
2020-06-11 18:36:23.389 DEBUG 5968 --- [main] o.s.s.access.vote.AffirmativeBased       : Voter: org.springframework.security.web.access.expression.WebExpressionVoter@78141c58, returned: 1
2020-06-11 18:36:23.389 DEBUG 5968 --- [main] o.s.s.w.a.i.FilterSecurityInterceptor    : Authorization successful
2020-06-11 18:36:23.390 DEBUG 5968 --- [main] o.s.s.w.a.i.FilterSecurityInterceptor    : RunAsManager did not change Authentication object
2020-06-11 18:36:23.390 DEBUG 5968 --- [main] o.s.security.web.FilterChainProxy        : /auth/login reached end of additional filter chain; proceeding with original chain
2020-06-11 18:36:23.438 DEBUG 5968 --- [main] o.s.s.authentication.ProviderManager     : Authentication attempt using org.springframework.security.authentication.dao.DaoAuthenticationProvider
2020-06-11 18:36:24.014 DEBUG 5968 --- [main] o.s.s.w.header.writers.HstsHeaderWriter  : Not injecting HSTS header since it did not match the requestMatcher org.springframework.security.web.header.writers.HstsHeaderWriter$SecureRequestMatcher@64245ca9
2020-06-11 18:36:24.015 DEBUG 5968 --- [main] o.s.s.w.a.ExceptionTranslationFilter     : Chain processed normally
2020-06-11 18:36:24.015 DEBUG 5968 --- [main] s.s.w.c.SecurityContextPersistenceFilter : SecurityContextHolder now cleared, as request processing completed
2020-06-11 18:36:24.027 DEBUG 5968 --- [main] o.s.security.web.FilterChainProxy        : /api/residents at position 1 of 11 in additional filter chain; firing Filter: 'WebAsyncManagerIntegrationFilter'
2020-06-11 18:36:24.028 DEBUG 5968 --- [main] o.s.security.web.FilterChainProxy        : /api/residents at position 2 of 11 in additional filter chain; firing Filter: 'SecurityContextPersistenceFilter'
2020-06-11 18:36:24.028 DEBUG 5968 --- [main] o.s.security.web.FilterChainProxy        : /api/residents at position 3 of 11 in additional filter chain; firing Filter: 'HeaderWriterFilter'
2020-06-11 18:36:24.028 DEBUG 5968 --- [main] o.s.security.web.FilterChainProxy        : /api/residents at position 4 of 11 in additional filter chain; firing Filter: 'LogoutFilter'
2020-06-11 18:36:24.028 DEBUG 5968 --- [main] o.s.s.web.util.matcher.OrRequestMatcher  : Trying to match using Ant [pattern='/logout', GET]
2020-06-11 18:36:24.028 DEBUG 5968 --- [main] o.s.s.w.u.matcher.AntPathRequestMatcher  : Checking match of request : '/api/residents'; against '/logout'
2020-06-11 18:36:24.028 DEBUG 5968 --- [main] o.s.s.web.util.matcher.OrRequestMatcher  : Trying to match using Ant [pattern='/logout', POST]
2020-06-11 18:36:24.028 DEBUG 5968 --- [main] o.s.s.w.u.matcher.AntPathRequestMatcher  : Request 'GET /api/residents' doesn't match 'POST /logout'
2020-06-11 18:36:24.028 DEBUG 5968 --- [main] o.s.s.web.util.matcher.OrRequestMatcher  : Trying to match using Ant [pattern='/logout', PUT]
2020-06-11 18:36:24.028 DEBUG 5968 --- [main] o.s.s.w.u.matcher.AntPathRequestMatcher  : Request 'GET /api/residents' doesn't match 'PUT /logout'
2020-06-11 18:36:24.028 DEBUG 5968 --- [main] o.s.s.web.util.matcher.OrRequestMatcher  : Trying to match using Ant [pattern='/logout', DELETE]
2020-06-11 18:36:24.029 DEBUG 5968 --- [main] o.s.s.w.u.matcher.AntPathRequestMatcher  : Request 'GET /api/residents' doesn't match 'DELETE /logout'
2020-06-11 18:36:24.029 DEBUG 5968 --- [main] o.s.s.web.util.matcher.OrRequestMatcher  : No matches found
2020-06-11 18:36:24.029 DEBUG 5968 --- [main] o.s.security.web.FilterChainProxy        : /api/residents at position 5 of 11 in additional filter chain; firing Filter: 'JwtTokenAuthenticationFilter'
2020-06-11 18:36:24.127 DEBUG 5968 --- [main] o.s.security.web.FilterChainProxy        : /api/residents at position 6 of 11 in additional filter chain; firing Filter: 'RequestCacheAwareFilter'
2020-06-11 18:36:24.127 DEBUG 5968 --- [main] o.s.security.web.FilterChainProxy        : /api/residents at position 7 of 11 in additional filter chain; firing Filter: 'SecurityContextHolderAwareRequestFilter'
2020-06-11 18:36:24.127 DEBUG 5968 --- [main] o.s.security.web.FilterChainProxy        : /api/residents at position 8 of 11 in additional filter chain; firing Filter: 'AnonymousAuthenticationFilter'
2020-06-11 18:36:24.127 DEBUG 5968 --- [main] o.s.s.w.a.AnonymousAuthenticationFilter  : SecurityContextHolder not populated with anonymous token, as it already contained: 'org.springframework.security.authentication.UsernamePasswordAuthenticationToken@8d631094: Principal: com.m1nist3r.dormitory.restful.security.auth.DormitoryAdministratorPrinciple@6334c0d8; Credentials: [PROTECTED]; Authenticated: true; Details: null; Granted Authorities: Supervisor'
2020-06-11 18:36:24.127 DEBUG 5968 --- [main] o.s.security.web.FilterChainProxy        : /api/residents at position 9 of 11 in additional filter chain; firing Filter: 'SessionManagementFilter'
2020-06-11 18:36:24.127 DEBUG 5968 --- [main] s.CompositeSessionAuthenticationStrategy : Delegating to org.springframework.security.web.authentication.session.ChangeSessionIdAuthenticationStrategy@795faad
2020-06-11 18:36:24.128 DEBUG 5968 --- [main] o.s.security.web.FilterChainProxy        : /api/residents at position 10 of 11 in additional filter chain; firing Filter: 'ExceptionTranslationFilter'
2020-06-11 18:36:24.128 DEBUG 5968 --- [main] o.s.security.web.FilterChainProxy        : /api/residents at position 11 of 11 in additional filter chain; firing Filter: 'FilterSecurityInterceptor'
2020-06-11 18:36:24.128 DEBUG 5968 --- [main] o.s.s.w.u.matcher.AntPathRequestMatcher  : Checking match of request : '/api/residents'; against '/'
2020-06-11 18:36:24.128 DEBUG 5968 --- [main] o.s.s.w.u.matcher.AntPathRequestMatcher  : Checking match of request : '/api/residents'; against '/favicon.ico'
2020-06-11 18:36:24.128 DEBUG 5968 --- [main] o.s.s.w.u.matcher.AntPathRequestMatcher  : Checking match of request : '/api/residents'; against '/auth/login'
2020-06-11 18:36:24.128 DEBUG 5968 --- [main] o.s.s.w.u.matcher.AntPathRequestMatcher  : Request 'GET /api/residents' doesn't match 'DELETE /api/residents/**'
2020-06-11 18:36:24.128 DEBUG 5968 --- [main] o.s.s.w.a.i.FilterSecurityInterceptor    : Secure object: FilterInvocation: URL: /api/residents; Attributes: [authenticated]
2020-06-11 18:36:24.128 DEBUG 5968 --- [main] o.s.s.w.a.i.FilterSecurityInterceptor    : Previously Authenticated: org.springframework.security.authentication.UsernamePasswordAuthenticationToken@8d631094: Principal: com.m1nist3r.dormitory.restful.security.auth.DormitoryAdministratorPrinciple@6334c0d8; Credentials: [PROTECTED]; Authenticated: true; Details: null; Granted Authorities: Supervisor
2020-06-11 18:36:24.128 DEBUG 5968 --- [main] o.s.s.access.vote.AffirmativeBased       : Voter: org.springframework.security.web.access.expression.WebExpressionVoter@78141c58, returned: 1
2020-06-11 18:36:24.129 DEBUG 5968 --- [main] o.s.s.w.a.i.FilterSecurityInterceptor    : Authorization successful
2020-06-11 18:36:24.129 DEBUG 5968 --- [main] o.s.s.w.a.i.FilterSecurityInterceptor    : RunAsManager did not change Authentication object
2020-06-11 18:36:24.129 DEBUG 5968 --- [main] o.s.security.web.FilterChainProxy        : /api/residents reached end of additional filter chain; proceeding with original chain
2020-06-11 18:36:24.384 DEBUG 5968 --- [main] o.s.s.w.header.writers.HstsHeaderWriter  : Not injecting HSTS header since it did not match the requestMatcher org.springframework.security.web.header.writers.HstsHeaderWriter$SecureRequestMatcher@64245ca9
2020-06-11 18:36:24.384 DEBUG 5968 --- [main] o.s.s.w.a.ExceptionTranslationFilter     : Chain processed normally
2020-06-11 18:36:24.385 DEBUG 5968 --- [main] s.s.w.c.SecurityContextPersistenceFilter : SecurityContextHolder now cleared, as request processing completed
2020-06-11 18:36:24.390 DEBUG 5968 --- [main] o.s.security.web.FilterChainProxy        : /auth/login at position 1 of 11 in additional filter chain; firing Filter: 'WebAsyncManagerIntegrationFilter'
2020-06-11 18:36:24.391 DEBUG 5968 --- [main] o.s.security.web.FilterChainProxy        : /auth/login at position 2 of 11 in additional filter chain; firing Filter: 'SecurityContextPersistenceFilter'
2020-06-11 18:36:24.391 DEBUG 5968 --- [main] o.s.security.web.FilterChainProxy        : /auth/login at position 3 of 11 in additional filter chain; firing Filter: 'HeaderWriterFilter'
2020-06-11 18:36:24.391 DEBUG 5968 --- [main] o.s.security.web.FilterChainProxy        : /auth/login at position 4 of 11 in additional filter chain; firing Filter: 'LogoutFilter'
2020-06-11 18:36:24.391 DEBUG 5968 --- [main] o.s.s.web.util.matcher.OrRequestMatcher  : Trying to match using Ant [pattern='/logout', GET]
2020-06-11 18:36:24.391 DEBUG 5968 --- [main] o.s.s.w.u.matcher.AntPathRequestMatcher  : Request 'POST /auth/login' doesn't match 'GET /logout'
2020-06-11 18:36:24.391 DEBUG 5968 --- [main] o.s.s.web.util.matcher.OrRequestMatcher  : Trying to match using Ant [pattern='/logout', POST]
2020-06-11 18:36:24.391 DEBUG 5968 --- [main] o.s.s.w.u.matcher.AntPathRequestMatcher  : Checking match of request : '/auth/login'; against '/logout'
2020-06-11 18:36:24.391 DEBUG 5968 --- [main] o.s.s.web.util.matcher.OrRequestMatcher  : Trying to match using Ant [pattern='/logout', PUT]
2020-06-11 18:36:24.391 DEBUG 5968 --- [main] o.s.s.w.u.matcher.AntPathRequestMatcher  : Request 'POST /auth/login' doesn't match 'PUT /logout'
2020-06-11 18:36:24.391 DEBUG 5968 --- [main] o.s.s.web.util.matcher.OrRequestMatcher  : Trying to match using Ant [pattern='/logout', DELETE]
2020-06-11 18:36:24.391 DEBUG 5968 --- [main] o.s.s.w.u.matcher.AntPathRequestMatcher  : Request 'POST /auth/login' doesn't match 'DELETE /logout'
2020-06-11 18:36:24.391 DEBUG 5968 --- [main] o.s.s.web.util.matcher.OrRequestMatcher  : No matches found
2020-06-11 18:36:24.392 DEBUG 5968 --- [main] o.s.security.web.FilterChainProxy        : /auth/login at position 5 of 11 in additional filter chain; firing Filter: 'JwtTokenAuthenticationFilter'
2020-06-11 18:36:24.392 DEBUG 5968 --- [main] o.s.security.web.FilterChainProxy        : /auth/login at position 6 of 11 in additional filter chain; firing Filter: 'RequestCacheAwareFilter'
2020-06-11 18:36:24.392 DEBUG 5968 --- [main] o.s.security.web.FilterChainProxy        : /auth/login at position 7 of 11 in additional filter chain; firing Filter: 'SecurityContextHolderAwareRequestFilter'
2020-06-11 18:36:24.392 DEBUG 5968 --- [main] o.s.security.web.FilterChainProxy        : /auth/login at position 8 of 11 in additional filter chain; firing Filter: 'AnonymousAuthenticationFilter'
2020-06-11 18:36:24.392 DEBUG 5968 --- [main] o.s.s.w.a.AnonymousAuthenticationFilter  : Populated SecurityContextHolder with anonymous token: 'org.springframework.security.authentication.AnonymousAuthenticationToken@48ef6b8c: Principal: anonymousUser; Credentials: [PROTECTED]; Authenticated: true; Details: org.springframework.security.web.authentication.WebAuthenticationDetails@957e: RemoteIpAddress: 127.0.0.1; SessionId: null; Granted Authorities: ROLE_ANONYMOUS'
2020-06-11 18:36:24.392 DEBUG 5968 --- [main] o.s.security.web.FilterChainProxy        : /auth/login at position 9 of 11 in additional filter chain; firing Filter: 'SessionManagementFilter'
2020-06-11 18:36:24.392 DEBUG 5968 --- [main] o.s.security.web.FilterChainProxy        : /auth/login at position 10 of 11 in additional filter chain; firing Filter: 'ExceptionTranslationFilter'
2020-06-11 18:36:24.392 DEBUG 5968 --- [main] o.s.security.web.FilterChainProxy        : /auth/login at position 11 of 11 in additional filter chain; firing Filter: 'FilterSecurityInterceptor'
2020-06-11 18:36:24.392 DEBUG 5968 --- [main] o.s.s.w.u.matcher.AntPathRequestMatcher  : Checking match of request : '/auth/login'; against '/'
2020-06-11 18:36:24.392 DEBUG 5968 --- [main] o.s.s.w.u.matcher.AntPathRequestMatcher  : Checking match of request : '/auth/login'; against '/favicon.ico'
2020-06-11 18:36:24.392 DEBUG 5968 --- [main] o.s.s.w.u.matcher.AntPathRequestMatcher  : Checking match of request : '/auth/login'; against '/auth/login'
2020-06-11 18:36:24.393 DEBUG 5968 --- [main] o.s.s.w.a.i.FilterSecurityInterceptor    : Secure object: FilterInvocation: URL: /auth/login; Attributes: [permitAll]
2020-06-11 18:36:24.393 DEBUG 5968 --- [main] o.s.s.w.a.i.FilterSecurityInterceptor    : Previously Authenticated: org.springframework.security.authentication.AnonymousAuthenticationToken@48ef6b8c: Principal: anonymousUser; Credentials: [PROTECTED]; Authenticated: true; Details: org.springframework.security.web.authentication.WebAuthenticationDetails@957e: RemoteIpAddress: 127.0.0.1; SessionId: null; Granted Authorities: ROLE_ANONYMOUS
2020-06-11 18:36:24.393 DEBUG 5968 --- [main] o.s.s.access.vote.AffirmativeBased       : Voter: org.springframework.security.web.access.expression.WebExpressionVoter@78141c58, returned: 1
2020-06-11 18:36:24.393 DEBUG 5968 --- [main] o.s.s.w.a.i.FilterSecurityInterceptor    : Authorization successful
2020-06-11 18:36:24.393 DEBUG 5968 --- [main] o.s.s.w.a.i.FilterSecurityInterceptor    : RunAsManager did not change Authentication object
2020-06-11 18:36:24.393 DEBUG 5968 --- [main] o.s.security.web.FilterChainProxy        : /auth/login reached end of additional filter chain; proceeding with original chain
2020-06-11 18:36:24.395 DEBUG 5968 --- [main] o.s.s.authentication.ProviderManager     : Authentication attempt using org.springframework.security.authentication.dao.DaoAuthenticationProvider
2020-06-11 18:36:24.564 DEBUG 5968 --- [main] o.s.s.a.dao.DaoAuthenticationProvider    : User 'nondodik' not found
2020-06-11 18:36:24.568 DEBUG 5968 --- [main] o.s.s.w.a.ExceptionTranslationFilter     : Authentication exception occurred; redirecting to authentication entry point

org.springframework.security.authentication.BadCredentialsException: Bad credentials
	at org.springframework.security.authentication.dao.AbstractUserDetailsAuthenticationProvider.authenticate(AbstractUserDetailsAuthenticationProvider.java:151) ~[spring-security-core-5.3.2.RELEASE.jar:5.3.2.RELEASE]
	at org.springframework.security.authentication.ProviderManager.authenticate(ProviderManager.java:199) ~[spring-security-core-5.3.2.RELEASE.jar:5.3.2.RELEASE]
	at org.springframework.security.authentication.ProviderManager.authenticate(ProviderManager.java:219) ~[spring-security-core-5.3.2.RELEASE.jar:5.3.2.RELEASE]
	at org.springframework.security.config.annotation.web.configuration.WebSecurityConfigurerAdapter$AuthenticationManagerDelegator.authenticate(WebSecurityConfigurerAdapter.java:513) ~[spring-security-config-5.3.2.RELEASE.jar:5.3.2.RELEASE]
	at com.m1nist3r.dormitory.restful.web.AuthController.login(AuthController.java:42) ~[classes/:na]
	at java.base/jdk.internal.reflect.NativeMethodAccessorImpl.invoke0(Native Method) ~[na:na]
	at java.base/jdk.internal.reflect.NativeMethodAccessorImpl.invoke(NativeMethodAccessorImpl.java:62) ~[na:na]
	at java.base/jdk.internal.reflect.DelegatingMethodAccessorImpl.invoke(DelegatingMethodAccessorImpl.java:43) ~[na:na]
	at java.base/java.lang.reflect.Method.invoke(Method.java:564) ~[na:na]
	at org.springframework.web.method.support.InvocableHandlerMethod.doInvoke(InvocableHandlerMethod.java:190) ~[spring-web-5.2.6.RELEASE.jar:5.2.6.RELEASE]
	at org.springframework.web.method.support.InvocableHandlerMethod.invokeForRequest(InvocableHandlerMethod.java:138) ~[spring-web-5.2.6.RELEASE.jar:5.2.6.RELEASE]
	at org.springframework.web.servlet.mvc.method.annotation.ServletInvocableHandlerMethod.invokeAndHandle(ServletInvocableHandlerMethod.java:105) ~[spring-webmvc-5.2.6.RELEASE.jar:5.2.6.RELEASE]
	at org.springframework.web.servlet.mvc.method.annotation.RequestMappingHandlerAdapter.invokeHandlerMethod(RequestMappingHandlerAdapter.java:879) ~[spring-webmvc-5.2.6.RELEASE.jar:5.2.6.RELEASE]
	at org.springframework.web.servlet.mvc.method.annotation.RequestMappingHandlerAdapter.handleInternal(RequestMappingHandlerAdapter.java:793) ~[spring-webmvc-5.2.6.RELEASE.jar:5.2.6.RELEASE]
	at org.springframework.web.servlet.mvc.method.AbstractHandlerMethodAdapter.handle(AbstractHandlerMethodAdapter.java:87) ~[spring-webmvc-5.2.6.RELEASE.jar:5.2.6.RELEASE]
	at org.springframework.web.servlet.DispatcherServlet.doDispatch(DispatcherServlet.java:1040) ~[spring-webmvc-5.2.6.RELEASE.jar:5.2.6.RELEASE]
	at org.springframework.web.servlet.DispatcherServlet.doService(DispatcherServlet.java:943) ~[spring-webmvc-5.2.6.RELEASE.jar:5.2.6.RELEASE]
	at org.springframework.web.servlet.FrameworkServlet.processRequest(FrameworkServlet.java:1006) ~[spring-webmvc-5.2.6.RELEASE.jar:5.2.6.RELEASE]
	at org.springframework.web.servlet.FrameworkServlet.doPost(FrameworkServlet.java:909) ~[spring-webmvc-5.2.6.RELEASE.jar:5.2.6.RELEASE]
	at javax.servlet.http.HttpServlet.service(HttpServlet.java:660) ~[tomcat-embed-core-9.0.35.jar:9.0.35]
	at org.springframework.web.servlet.FrameworkServlet.service(FrameworkServlet.java:883) ~[spring-webmvc-5.2.6.RELEASE.jar:5.2.6.RELEASE]
	at org.springframework.test.web.servlet.TestDispatcherServlet.service(TestDispatcherServlet.java:72) ~[spring-test-5.2.6.RELEASE.jar:5.2.6.RELEASE]
	at javax.servlet.http.HttpServlet.service(HttpServlet.java:741) ~[tomcat-embed-core-9.0.35.jar:9.0.35]
	at org.springframework.mock.web.MockFilterChain$ServletFilterProxy.doFilter(MockFilterChain.java:167) ~[spring-test-5.2.6.RELEASE.jar:5.2.6.RELEASE]
	at org.springframework.mock.web.MockFilterChain.doFilter(MockFilterChain.java:134) ~[spring-test-5.2.6.RELEASE.jar:5.2.6.RELEASE]
	at org.springframework.security.web.FilterChainProxy$VirtualFilterChain.doFilter(FilterChainProxy.java:320) ~[spring-security-web-5.3.2.RELEASE.jar:5.3.2.RELEASE]
	at org.springframework.security.web.access.intercept.FilterSecurityInterceptor.invoke(FilterSecurityInterceptor.java:126) ~[spring-security-web-5.3.2.RELEASE.jar:5.3.2.RELEASE]
	at org.springframework.security.web.access.intercept.FilterSecurityInterceptor.doFilter(FilterSecurityInterceptor.java:90) ~[spring-security-web-5.3.2.RELEASE.jar:5.3.2.RELEASE]
	at org.springframework.security.web.FilterChainProxy$VirtualFilterChain.doFilter(FilterChainProxy.java:334) ~[spring-security-web-5.3.2.RELEASE.jar:5.3.2.RELEASE]
	at org.springframework.security.web.access.ExceptionTranslationFilter.doFilter(ExceptionTranslationFilter.java:118) ~[spring-security-web-5.3.2.RELEASE.jar:5.3.2.RELEASE]
	at org.springframework.security.web.FilterChainProxy$VirtualFilterChain.doFilter(FilterChainProxy.java:334) ~[spring-security-web-5.3.2.RELEASE.jar:5.3.2.RELEASE]
	at org.springframework.security.web.session.SessionManagementFilter.doFilter(SessionManagementFilter.java:137) ~[spring-security-web-5.3.2.RELEASE.jar:5.3.2.RELEASE]
	at org.springframework.security.web.FilterChainProxy$VirtualFilterChain.doFilter(FilterChainProxy.java:334) ~[spring-security-web-5.3.2.RELEASE.jar:5.3.2.RELEASE]
	at org.springframework.security.web.authentication.AnonymousAuthenticationFilter.doFilter(AnonymousAuthenticationFilter.java:111) ~[spring-security-web-5.3.2.RELEASE.jar:5.3.2.RELEASE]
	at org.springframework.security.web.FilterChainProxy$VirtualFilterChain.doFilter(FilterChainProxy.java:334) ~[spring-security-web-5.3.2.RELEASE.jar:5.3.2.RELEASE]
	at org.springframework.security.web.servletapi.SecurityContextHolderAwareRequestFilter.doFilter(SecurityContextHolderAwareRequestFilter.java:158) ~[spring-security-web-5.3.2.RELEASE.jar:5.3.2.RELEASE]
	at org.springframework.security.web.FilterChainProxy$VirtualFilterChain.doFilter(FilterChainProxy.java:334) ~[spring-security-web-5.3.2.RELEASE.jar:5.3.2.RELEASE]
	at org.springframework.security.web.savedrequest.RequestCacheAwareFilter.doFilter(RequestCacheAwareFilter.java:63) ~[spring-security-web-5.3.2.RELEASE.jar:5.3.2.RELEASE]
	at org.springframework.security.web.FilterChainProxy$VirtualFilterChain.doFilter(FilterChainProxy.java:334) ~[spring-security-web-5.3.2.RELEASE.jar:5.3.2.RELEASE]
	at com.m1nist3r.dormitory.restful.security.jwt.JwtTokenAuthenticationFilter.doFilter(JwtTokenAuthenticationFilter.java:34) ~[classes/:na]
	at org.springframework.security.web.FilterChainProxy$VirtualFilterChain.doFilter(FilterChainProxy.java:334) ~[spring-security-web-5.3.2.RELEASE.jar:5.3.2.RELEASE]
	at org.springframework.security.web.authentication.logout.LogoutFilter.doFilter(LogoutFilter.java:116) ~[spring-security-web-5.3.2.RELEASE.jar:5.3.2.RELEASE]
	at org.springframework.security.web.FilterChainProxy$VirtualFilterChain.doFilter(FilterChainProxy.java:334) ~[spring-security-web-5.3.2.RELEASE.jar:5.3.2.RELEASE]
	at org.springframework.security.web.header.HeaderWriterFilter.doHeadersAfter(HeaderWriterFilter.java:92) ~[spring-security-web-5.3.2.RELEASE.jar:5.3.2.RELEASE]
	at org.springframework.security.web.header.HeaderWriterFilter.doFilterInternal(HeaderWriterFilter.java:77) ~[spring-security-web-5.3.2.RELEASE.jar:5.3.2.RELEASE]
	at org.springframework.web.filter.OncePerRequestFilter.doFilter(OncePerRequestFilter.java:119) ~[spring-web-5.2.6.RELEASE.jar:5.2.6.RELEASE]
	at org.springframework.security.web.FilterChainProxy$VirtualFilterChain.doFilter(FilterChainProxy.java:334) ~[spring-security-web-5.3.2.RELEASE.jar:5.3.2.RELEASE]
	at org.springframework.security.web.context.SecurityContextPersistenceFilter.doFilter(SecurityContextPersistenceFilter.java:105) ~[spring-security-web-5.3.2.RELEASE.jar:5.3.2.RELEASE]
	at org.springframework.security.web.FilterChainProxy$VirtualFilterChain.doFilter(FilterChainProxy.java:334) ~[spring-security-web-5.3.2.RELEASE.jar:5.3.2.RELEASE]
	at org.springframework.security.web.context.request.async.WebAsyncManagerIntegrationFilter.doFilterInternal(WebAsyncManagerIntegrationFilter.java:56) ~[spring-security-web-5.3.2.RELEASE.jar:5.3.2.RELEASE]
	at org.springframework.web.filter.OncePerRequestFilter.doFilter(OncePerRequestFilter.java:119) ~[spring-web-5.2.6.RELEASE.jar:5.2.6.RELEASE]
	at org.springframework.security.web.FilterChainProxy$VirtualFilterChain.doFilter(FilterChainProxy.java:334) ~[spring-security-web-5.3.2.RELEASE.jar:5.3.2.RELEASE]
	at org.springframework.security.web.FilterChainProxy.doFilterInternal(FilterChainProxy.java:215) ~[spring-security-web-5.3.2.RELEASE.jar:5.3.2.RELEASE]
	at org.springframework.security.web.FilterChainProxy.doFilter(FilterChainProxy.java:178) ~[spring-security-web-5.3.2.RELEASE.jar:5.3.2.RELEASE]
	at org.springframework.web.filter.DelegatingFilterProxy.invokeDelegate(DelegatingFilterProxy.java:358) ~[spring-web-5.2.6.RELEASE.jar:5.2.6.RELEASE]
	at org.springframework.web.filter.DelegatingFilterProxy.doFilter(DelegatingFilterProxy.java:271) ~[spring-web-5.2.6.RELEASE.jar:5.2.6.RELEASE]
	at org.springframework.mock.web.MockFilterChain.doFilter(MockFilterChain.java:134) ~[spring-test-5.2.6.RELEASE.jar:5.2.6.RELEASE]
	at org.springframework.web.filter.RequestContextFilter.doFilterInternal(RequestContextFilter.java:100) ~[spring-web-5.2.6.RELEASE.jar:5.2.6.RELEASE]
	at org.springframework.web.filter.OncePerRequestFilter.doFilter(OncePerRequestFilter.java:119) ~[spring-web-5.2.6.RELEASE.jar:5.2.6.RELEASE]
	at org.springframework.mock.web.MockFilterChain.doFilter(MockFilterChain.java:134) ~[spring-test-5.2.6.RELEASE.jar:5.2.6.RELEASE]
	at org.springframework.web.filter.FormContentFilter.doFilterInternal(FormContentFilter.java:93) ~[spring-web-5.2.6.RELEASE.jar:5.2.6.RELEASE]
	at org.springframework.web.filter.OncePerRequestFilter.doFilter(OncePerRequestFilter.java:119) ~[spring-web-5.2.6.RELEASE.jar:5.2.6.RELEASE]
	at org.springframework.mock.web.MockFilterChain.doFilter(MockFilterChain.java:134) ~[spring-test-5.2.6.RELEASE.jar:5.2.6.RELEASE]
	at org.springframework.web.filter.CharacterEncodingFilter.doFilterInternal(CharacterEncodingFilter.java:201) ~[spring-web-5.2.6.RELEASE.jar:5.2.6.RELEASE]
	at org.springframework.web.filter.OncePerRequestFilter.doFilter(OncePerRequestFilter.java:119) ~[spring-web-5.2.6.RELEASE.jar:5.2.6.RELEASE]
	at org.springframework.mock.web.MockFilterChain.doFilter(MockFilterChain.java:134) ~[spring-test-5.2.6.RELEASE.jar:5.2.6.RELEASE]
	at org.springframework.test.web.servlet.MockMvc.perform(MockMvc.java:183) ~[spring-test-5.2.6.RELEASE.jar:5.2.6.RELEASE]
	at com.m1nist3r.dormitory.restful.RestApplicationTests.nonexistentUserCannotGetToken(RestApplicationTests.java:95) ~[test-classes/:na]
	at java.base/jdk.internal.reflect.NativeMethodAccessorImpl.invoke0(Native Method) ~[na:na]
	at java.base/jdk.internal.reflect.NativeMethodAccessorImpl.invoke(NativeMethodAccessorImpl.java:62) ~[na:na]
	at java.base/jdk.internal.reflect.DelegatingMethodAccessorImpl.invoke(DelegatingMethodAccessorImpl.java:43) ~[na:na]
	at java.base/java.lang.reflect.Method.invoke(Method.java:564) ~[na:na]
	at org.junit.platform.commons.util.ReflectionUtils.invokeMethod(ReflectionUtils.java:686) ~[junit-platform-commons-1.6.2.jar:1.6.2]
	at org.junit.jupiter.engine.execution.MethodInvocation.proceed(MethodInvocation.java:60) ~[junit-jupiter-engine-5.6.2.jar:5.6.2]
	at org.junit.jupiter.engine.execution.InvocationInterceptorChain$ValidatingInvocation.proceed(InvocationInterceptorChain.java:131) ~[junit-jupiter-engine-5.6.2.jar:5.6.2]
	at org.junit.jupiter.engine.extension.TimeoutExtension.intercept(TimeoutExtension.java:149) ~[junit-jupiter-engine-5.6.2.jar:5.6.2]
	at org.junit.jupiter.engine.extension.TimeoutExtension.interceptTestableMethod(TimeoutExtension.java:140) ~[junit-jupiter-engine-5.6.2.jar:5.6.2]
	at org.junit.jupiter.engine.extension.TimeoutExtension.interceptTestMethod(TimeoutExtension.java:84) ~[junit-jupiter-engine-5.6.2.jar:5.6.2]
	at org.junit.jupiter.engine.execution.ExecutableInvoker$ReflectiveInterceptorCall.lambda$ofVoidMethod$0(ExecutableInvoker.java:115) ~[junit-jupiter-engine-5.6.2.jar:5.6.2]
	at org.junit.jupiter.engine.execution.ExecutableInvoker.lambda$invoke$0(ExecutableInvoker.java:105) ~[junit-jupiter-engine-5.6.2.jar:5.6.2]
	at org.junit.jupiter.engine.execution.InvocationInterceptorChain$InterceptedInvocation.proceed(InvocationInterceptorChain.java:106) ~[junit-jupiter-engine-5.6.2.jar:5.6.2]
	at org.junit.jupiter.engine.execution.InvocationInterceptorChain.proceed(InvocationInterceptorChain.java:64) ~[junit-jupiter-engine-5.6.2.jar:5.6.2]
	at org.junit.jupiter.engine.execution.InvocationInterceptorChain.chainAndInvoke(InvocationInterceptorChain.java:45) ~[junit-jupiter-engine-5.6.2.jar:5.6.2]
	at org.junit.jupiter.engine.execution.InvocationInterceptorChain.invoke(InvocationInterceptorChain.java:37) ~[junit-jupiter-engine-5.6.2.jar:5.6.2]
	at org.junit.jupiter.engine.execution.ExecutableInvoker.invoke(ExecutableInvoker.java:104) ~[junit-jupiter-engine-5.6.2.jar:5.6.2]
	at org.junit.jupiter.engine.execution.ExecutableInvoker.invoke(ExecutableInvoker.java:98) ~[junit-jupiter-engine-5.6.2.jar:5.6.2]
	at org.junit.jupiter.engine.descriptor.TestMethodTestDescriptor.lambda$invokeTestMethod$6(TestMethodTestDescriptor.java:212) ~[junit-jupiter-engine-5.6.2.jar:5.6.2]
	at org.junit.platform.engine.support.hierarchical.ThrowableCollector.execute(ThrowableCollector.java:73) ~[junit-platform-engine-1.6.2.jar:1.6.2]
	at org.junit.jupiter.engine.descriptor.TestMethodTestDescriptor.invokeTestMethod(TestMethodTestDescriptor.java:208) ~[junit-jupiter-engine-5.6.2.jar:5.6.2]
	at org.junit.jupiter.engine.descriptor.TestMethodTestDescriptor.execute(TestMethodTestDescriptor.java:137) ~[junit-jupiter-engine-5.6.2.jar:5.6.2]
	at org.junit.jupiter.engine.descriptor.TestMethodTestDescriptor.execute(TestMethodTestDescriptor.java:71) ~[junit-jupiter-engine-5.6.2.jar:5.6.2]
	at org.junit.platform.engine.support.hierarchical.NodeTestTask.lambda$executeRecursively$5(NodeTestTask.java:135) ~[junit-platform-engine-1.6.2.jar:1.6.2]
	at org.junit.platform.engine.support.hierarchical.ThrowableCollector.execute(ThrowableCollector.java:73) ~[junit-platform-engine-1.6.2.jar:1.6.2]
	at org.junit.platform.engine.support.hierarchical.NodeTestTask.lambda$executeRecursively$7(NodeTestTask.java:125) ~[junit-platform-engine-1.6.2.jar:1.6.2]
	at org.junit.platform.engine.support.hierarchical.Node.around(Node.java:135) ~[junit-platform-engine-1.6.2.jar:1.6.2]
	at org.junit.platform.engine.support.hierarchical.NodeTestTask.lambda$executeRecursively$8(NodeTestTask.java:123) ~[junit-platform-engine-1.6.2.jar:1.6.2]
	at org.junit.platform.engine.support.hierarchical.ThrowableCollector.execute(ThrowableCollector.java:73) ~[junit-platform-engine-1.6.2.jar:1.6.2]
	at org.junit.platform.engine.support.hierarchical.NodeTestTask.executeRecursively(NodeTestTask.java:122) ~[junit-platform-engine-1.6.2.jar:1.6.2]
	at org.junit.platform.engine.support.hierarchical.NodeTestTask.execute(NodeTestTask.java:80) ~[junit-platform-engine-1.6.2.jar:1.6.2]
	at java.base/java.util.ArrayList.forEach(ArrayList.java:1510) ~[na:na]
	at org.junit.platform.engine.support.hierarchical.SameThreadHierarchicalTestExecutorService.invokeAll(SameThreadHierarchicalTestExecutorService.java:38) ~[junit-platform-engine-1.6.2.jar:1.6.2]
	at org.junit.platform.engine.support.hierarchical.NodeTestTask.lambda$executeRecursively$5(NodeTestTask.java:139) ~[junit-platform-engine-1.6.2.jar:1.6.2]
	at org.junit.platform.engine.support.hierarchical.ThrowableCollector.execute(ThrowableCollector.java:73) ~[junit-platform-engine-1.6.2.jar:1.6.2]
	at org.junit.platform.engine.support.hierarchical.NodeTestTask.lambda$executeRecursively$7(NodeTestTask.java:125) ~[junit-platform-engine-1.6.2.jar:1.6.2]
	at org.junit.platform.engine.support.hierarchical.Node.around(Node.java:135) ~[junit-platform-engine-1.6.2.jar:1.6.2]
	at org.junit.platform.engine.support.hierarchical.NodeTestTask.lambda$executeRecursively$8(NodeTestTask.java:123) ~[junit-platform-engine-1.6.2.jar:1.6.2]
	at org.junit.platform.engine.support.hierarchical.ThrowableCollector.execute(ThrowableCollector.java:73) ~[junit-platform-engine-1.6.2.jar:1.6.2]
	at org.junit.platform.engine.support.hierarchical.NodeTestTask.executeRecursively(NodeTestTask.java:122) ~[junit-platform-engine-1.6.2.jar:1.6.2]
	at org.junit.platform.engine.support.hierarchical.NodeTestTask.execute(NodeTestTask.java:80) ~[junit-platform-engine-1.6.2.jar:1.6.2]
	at java.base/java.util.ArrayList.forEach(ArrayList.java:1510) ~[na:na]
	at org.junit.platform.engine.support.hierarchical.SameThreadHierarchicalTestExecutorService.invokeAll(SameThreadHierarchicalTestExecutorService.java:38) ~[junit-platform-engine-1.6.2.jar:1.6.2]
	at org.junit.platform.engine.support.hierarchical.NodeTestTask.lambda$executeRecursively$5(NodeTestTask.java:139) ~[junit-platform-engine-1.6.2.jar:1.6.2]
	at org.junit.platform.engine.support.hierarchical.ThrowableCollector.execute(ThrowableCollector.java:73) ~[junit-platform-engine-1.6.2.jar:1.6.2]
	at org.junit.platform.engine.support.hierarchical.NodeTestTask.lambda$executeRecursively$7(NodeTestTask.java:125) ~[junit-platform-engine-1.6.2.jar:1.6.2]
	at org.junit.platform.engine.support.hierarchical.Node.around(Node.java:135) ~[junit-platform-engine-1.6.2.jar:1.6.2]
	at org.junit.platform.engine.support.hierarchical.NodeTestTask.lambda$executeRecursively$8(NodeTestTask.java:123) ~[junit-platform-engine-1.6.2.jar:1.6.2]
	at org.junit.platform.engine.support.hierarchical.ThrowableCollector.execute(ThrowableCollector.java:73) ~[junit-platform-engine-1.6.2.jar:1.6.2]
	at org.junit.platform.engine.support.hierarchical.NodeTestTask.executeRecursively(NodeTestTask.java:122) ~[junit-platform-engine-1.6.2.jar:1.6.2]
	at org.junit.platform.engine.support.hierarchical.NodeTestTask.execute(NodeTestTask.java:80) ~[junit-platform-engine-1.6.2.jar:1.6.2]
	at org.junit.platform.engine.support.hierarchical.SameThreadHierarchicalTestExecutorService.submit(SameThreadHierarchicalTestExecutorService.java:32) ~[junit-platform-engine-1.6.2.jar:1.6.2]
	at org.junit.platform.engine.support.hierarchical.HierarchicalTestExecutor.execute(HierarchicalTestExecutor.java:57) ~[junit-platform-engine-1.6.2.jar:1.6.2]
	at org.junit.platform.engine.support.hierarchical.HierarchicalTestEngine.execute(HierarchicalTestEngine.java:51) ~[junit-platform-engine-1.6.2.jar:1.6.2]
	at org.junit.platform.launcher.core.DefaultLauncher.execute(DefaultLauncher.java:220) ~[junit-platform-launcher-1.3.1.jar:1.3.1]
	at org.junit.platform.launcher.core.DefaultLauncher.lambda$execute$6(DefaultLauncher.java:188) ~[junit-platform-launcher-1.3.1.jar:1.3.1]
	at org.junit.platform.launcher.core.DefaultLauncher.withInterceptedStreams(DefaultLauncher.java:202) ~[junit-platform-launcher-1.3.1.jar:1.3.1]
	at org.junit.platform.launcher.core.DefaultLauncher.execute(DefaultLauncher.java:181) ~[junit-platform-launcher-1.3.1.jar:1.3.1]
	at org.junit.platform.launcher.core.DefaultLauncher.execute(DefaultLauncher.java:128) ~[junit-platform-launcher-1.3.1.jar:1.3.1]
	at org.apache.maven.surefire.junitplatform.JUnitPlatformProvider.invokeAllTests(JUnitPlatformProvider.java:150) ~[surefire-junit-platform-2.22.2.jar:2.22.2]
	at org.apache.maven.surefire.junitplatform.JUnitPlatformProvider.invoke(JUnitPlatformProvider.java:124) ~[surefire-junit-platform-2.22.2.jar:2.22.2]
	at org.apache.maven.surefire.booter.ForkedBooter.invokeProviderInSameClassLoader(ForkedBooter.java:384) ~[surefire-booter-2.22.2.jar:2.22.2]
	at org.apache.maven.surefire.booter.ForkedBooter.runSuitesInProcess(ForkedBooter.java:345) ~[surefire-booter-2.22.2.jar:2.22.2]
	at org.apache.maven.surefire.booter.ForkedBooter.execute(ForkedBooter.java:126) ~[surefire-booter-2.22.2.jar:2.22.2]
	at org.apache.maven.surefire.booter.ForkedBooter.main(ForkedBooter.java:418) ~[surefire-booter-2.22.2.jar:2.22.2]

2020-06-11 18:36:24.569 DEBUG 5968 --- [main] o.s.s.w.a.ExceptionTranslationFilter     : Calling Authentication entry point.
2020-06-11 18:36:24.569 DEBUG 5968 --- [main] o.s.s.w.header.writers.HstsHeaderWriter  : Not injecting HSTS header since it did not match the requestMatcher org.springframework.security.web.header.writers.HstsHeaderWriter$SecureRequestMatcher@64245ca9
2020-06-11 18:36:24.569 DEBUG 5968 --- [main] s.s.w.c.SecurityContextPersistenceFilter : SecurityContextHolder now cleared, as request processing completed
2020-06-11 18:36:24.573 DEBUG 5968 --- [main] o.s.security.web.FilterChainProxy        : /auth/login at position 1 of 11 in additional filter chain; firing Filter: 'WebAsyncManagerIntegrationFilter'
2020-06-11 18:36:24.574 DEBUG 5968 --- [main] o.s.security.web.FilterChainProxy        : /auth/login at position 2 of 11 in additional filter chain; firing Filter: 'SecurityContextPersistenceFilter'
2020-06-11 18:36:24.574 DEBUG 5968 --- [main] o.s.security.web.FilterChainProxy        : /auth/login at position 3 of 11 in additional filter chain; firing Filter: 'HeaderWriterFilter'
2020-06-11 18:36:24.574 DEBUG 5968 --- [main] o.s.security.web.FilterChainProxy        : /auth/login at position 4 of 11 in additional filter chain; firing Filter: 'LogoutFilter'
2020-06-11 18:36:24.574 DEBUG 5968 --- [main] o.s.s.web.util.matcher.OrRequestMatcher  : Trying to match using Ant [pattern='/logout', GET]
2020-06-11 18:36:24.574 DEBUG 5968 --- [main] o.s.s.w.u.matcher.AntPathRequestMatcher  : Request 'POST /auth/login' doesn't match 'GET /logout'
2020-06-11 18:36:24.574 DEBUG 5968 --- [main] o.s.s.web.util.matcher.OrRequestMatcher  : Trying to match using Ant [pattern='/logout', POST]
2020-06-11 18:36:24.574 DEBUG 5968 --- [main] o.s.s.w.u.matcher.AntPathRequestMatcher  : Checking match of request : '/auth/login'; against '/logout'
2020-06-11 18:36:24.574 DEBUG 5968 --- [main] o.s.s.web.util.matcher.OrRequestMatcher  : Trying to match using Ant [pattern='/logout', PUT]
2020-06-11 18:36:24.574 DEBUG 5968 --- [main] o.s.s.w.u.matcher.AntPathRequestMatcher  : Request 'POST /auth/login' doesn't match 'PUT /logout'
2020-06-11 18:36:24.574 DEBUG 5968 --- [main] o.s.s.web.util.matcher.OrRequestMatcher  : Trying to match using Ant [pattern='/logout', DELETE]
2020-06-11 18:36:24.574 DEBUG 5968 --- [main] o.s.s.w.u.matcher.AntPathRequestMatcher  : Request 'POST /auth/login' doesn't match 'DELETE /logout'
2020-06-11 18:36:24.574 DEBUG 5968 --- [main] o.s.s.web.util.matcher.OrRequestMatcher  : No matches found
2020-06-11 18:36:24.574 DEBUG 5968 --- [main] o.s.security.web.FilterChainProxy        : /auth/login at position 5 of 11 in additional filter chain; firing Filter: 'JwtTokenAuthenticationFilter'
2020-06-11 18:36:24.574 DEBUG 5968 --- [main] o.s.security.web.FilterChainProxy        : /auth/login at position 6 of 11 in additional filter chain; firing Filter: 'RequestCacheAwareFilter'
2020-06-11 18:36:24.574 DEBUG 5968 --- [main] o.s.security.web.FilterChainProxy        : /auth/login at position 7 of 11 in additional filter chain; firing Filter: 'SecurityContextHolderAwareRequestFilter'
2020-06-11 18:36:24.574 DEBUG 5968 --- [main] o.s.security.web.FilterChainProxy        : /auth/login at position 8 of 11 in additional filter chain; firing Filter: 'AnonymousAuthenticationFilter'
2020-06-11 18:36:24.574 DEBUG 5968 --- [main] o.s.s.w.a.AnonymousAuthenticationFilter  : Populated SecurityContextHolder with anonymous token: 'org.springframework.security.authentication.AnonymousAuthenticationToken@48ef6b8c: Principal: anonymousUser; Credentials: [PROTECTED]; Authenticated: true; Details: org.springframework.security.web.authentication.WebAuthenticationDetails@957e: RemoteIpAddress: 127.0.0.1; SessionId: null; Granted Authorities: ROLE_ANONYMOUS'
2020-06-11 18:36:24.575 DEBUG 5968 --- [main] o.s.security.web.FilterChainProxy        : /auth/login at position 9 of 11 in additional filter chain; firing Filter: 'SessionManagementFilter'
2020-06-11 18:36:24.575 DEBUG 5968 --- [main] o.s.security.web.FilterChainProxy        : /auth/login at position 10 of 11 in additional filter chain; firing Filter: 'ExceptionTranslationFilter'
2020-06-11 18:36:24.575 DEBUG 5968 --- [main] o.s.security.web.FilterChainProxy        : /auth/login at position 11 of 11 in additional filter chain; firing Filter: 'FilterSecurityInterceptor'
2020-06-11 18:36:24.575 DEBUG 5968 --- [main] o.s.s.w.u.matcher.AntPathRequestMatcher  : Checking match of request : '/auth/login'; against '/'
2020-06-11 18:36:24.575 DEBUG 5968 --- [main] o.s.s.w.u.matcher.AntPathRequestMatcher  : Checking match of request : '/auth/login'; against '/favicon.ico'
2020-06-11 18:36:24.575 DEBUG 5968 --- [main] o.s.s.w.u.matcher.AntPathRequestMatcher  : Checking match of request : '/auth/login'; against '/auth/login'
2020-06-11 18:36:24.575 DEBUG 5968 --- [main] o.s.s.w.a.i.FilterSecurityInterceptor    : Secure object: FilterInvocation: URL: /auth/login; Attributes: [permitAll]
2020-06-11 18:36:24.575 DEBUG 5968 --- [main] o.s.s.w.a.i.FilterSecurityInterceptor    : Previously Authenticated: org.springframework.security.authentication.AnonymousAuthenticationToken@48ef6b8c: Principal: anonymousUser; Credentials: [PROTECTED]; Authenticated: true; Details: org.springframework.security.web.authentication.WebAuthenticationDetails@957e: RemoteIpAddress: 127.0.0.1; SessionId: null; Granted Authorities: ROLE_ANONYMOUS
2020-06-11 18:36:24.575 DEBUG 5968 --- [main] o.s.s.access.vote.AffirmativeBased       : Voter: org.springframework.security.web.access.expression.WebExpressionVoter@78141c58, returned: 1
2020-06-11 18:36:24.575 DEBUG 5968 --- [main] o.s.s.w.a.i.FilterSecurityInterceptor    : Authorization successful
2020-06-11 18:36:24.575 DEBUG 5968 --- [main] o.s.s.w.a.i.FilterSecurityInterceptor    : RunAsManager did not change Authentication object
2020-06-11 18:36:24.575 DEBUG 5968 --- [main] o.s.security.web.FilterChainProxy        : /auth/login reached end of additional filter chain; proceeding with original chain
2020-06-11 18:36:24.576 DEBUG 5968 --- [main] o.s.s.authentication.ProviderManager     : Authentication attempt using org.springframework.security.authentication.dao.DaoAuthenticationProvider
2020-06-11 18:36:24.874 DEBUG 5968 --- [main] o.s.s.w.header.writers.HstsHeaderWriter  : Not injecting HSTS header since it did not match the requestMatcher org.springframework.security.web.header.writers.HstsHeaderWriter$SecureRequestMatcher@64245ca9
2020-06-11 18:36:24.875 DEBUG 5968 --- [main] o.s.s.w.a.ExceptionTranslationFilter     : Chain processed normally
2020-06-11 18:36:24.875 DEBUG 5968 --- [main] s.s.w.c.SecurityContextPersistenceFilter : SecurityContextHolder now cleared, as request processing completed
2020-06-11 18:36:24.880 DEBUG 5968 --- [main] o.s.security.web.FilterChainProxy        : /residents at position 1 of 11 in additional filter chain; firing Filter: 'WebAsyncManagerIntegrationFilter'
2020-06-11 18:36:24.880 DEBUG 5968 --- [main] o.s.security.web.FilterChainProxy        : /residents at position 2 of 11 in additional filter chain; firing Filter: 'SecurityContextPersistenceFilter'
2020-06-11 18:36:24.880 DEBUG 5968 --- [main] o.s.security.web.FilterChainProxy        : /residents at position 3 of 11 in additional filter chain; firing Filter: 'HeaderWriterFilter'
2020-06-11 18:36:24.880 DEBUG 5968 --- [main] o.s.security.web.FilterChainProxy        : /residents at position 4 of 11 in additional filter chain; firing Filter: 'LogoutFilter'
2020-06-11 18:36:24.880 DEBUG 5968 --- [main] o.s.s.web.util.matcher.OrRequestMatcher  : Trying to match using Ant [pattern='/logout', GET]
2020-06-11 18:36:24.880 DEBUG 5968 --- [main] o.s.s.w.u.matcher.AntPathRequestMatcher  : Checking match of request : '/residents'; against '/logout'
2020-06-11 18:36:24.880 DEBUG 5968 --- [main] o.s.s.web.util.matcher.OrRequestMatcher  : Trying to match using Ant [pattern='/logout', POST]
2020-06-11 18:36:24.880 DEBUG 5968 --- [main] o.s.s.w.u.matcher.AntPathRequestMatcher  : Request 'GET /residents' doesn't match 'POST /logout'
2020-06-11 18:36:24.880 DEBUG 5968 --- [main] o.s.s.web.util.matcher.OrRequestMatcher  : Trying to match using Ant [pattern='/logout', PUT]
2020-06-11 18:36:24.880 DEBUG 5968 --- [main] o.s.s.w.u.matcher.AntPathRequestMatcher  : Request 'GET /residents' doesn't match 'PUT /logout'
2020-06-11 18:36:24.880 DEBUG 5968 --- [main] o.s.s.web.util.matcher.OrRequestMatcher  : Trying to match using Ant [pattern='/logout', DELETE]
2020-06-11 18:36:24.880 DEBUG 5968 --- [main] o.s.s.w.u.matcher.AntPathRequestMatcher  : Request 'GET /residents' doesn't match 'DELETE /logout'
2020-06-11 18:36:24.880 DEBUG 5968 --- [main] o.s.s.web.util.matcher.OrRequestMatcher  : No matches found
2020-06-11 18:36:24.880 DEBUG 5968 --- [main] o.s.security.web.FilterChainProxy        : /residents at position 5 of 11 in additional filter chain; firing Filter: 'JwtTokenAuthenticationFilter'
2020-06-11 18:36:24.880 DEBUG 5968 --- [main] o.s.security.web.FilterChainProxy        : /residents at position 6 of 11 in additional filter chain; firing Filter: 'RequestCacheAwareFilter'
2020-06-11 18:36:24.880 DEBUG 5968 --- [main] o.s.security.web.FilterChainProxy        : /residents at position 7 of 11 in additional filter chain; firing Filter: 'SecurityContextHolderAwareRequestFilter'
2020-06-11 18:36:24.880 DEBUG 5968 --- [main] o.s.security.web.FilterChainProxy        : /residents at position 8 of 11 in additional filter chain; firing Filter: 'AnonymousAuthenticationFilter'
2020-06-11 18:36:24.880 DEBUG 5968 --- [main] o.s.s.w.a.AnonymousAuthenticationFilter  : Populated SecurityContextHolder with anonymous token: 'org.springframework.security.authentication.AnonymousAuthenticationToken@48ef6b8c: Principal: anonymousUser; Credentials: [PROTECTED]; Authenticated: true; Details: org.springframework.security.web.authentication.WebAuthenticationDetails@957e: RemoteIpAddress: 127.0.0.1; SessionId: null; Granted Authorities: ROLE_ANONYMOUS'
2020-06-11 18:36:24.880 DEBUG 5968 --- [main] o.s.security.web.FilterChainProxy        : /residents at position 9 of 11 in additional filter chain; firing Filter: 'SessionManagementFilter'
2020-06-11 18:36:24.881 DEBUG 5968 --- [main] o.s.security.web.FilterChainProxy        : /residents at position 10 of 11 in additional filter chain; firing Filter: 'ExceptionTranslationFilter'
2020-06-11 18:36:24.881 DEBUG 5968 --- [main] o.s.security.web.FilterChainProxy        : /residents at position 11 of 11 in additional filter chain; firing Filter: 'FilterSecurityInterceptor'
2020-06-11 18:36:24.881 DEBUG 5968 --- [main] o.s.s.w.u.matcher.AntPathRequestMatcher  : Checking match of request : '/residents'; against '/'
2020-06-11 18:36:24.881 DEBUG 5968 --- [main] o.s.s.w.u.matcher.AntPathRequestMatcher  : Checking match of request : '/residents'; against '/favicon.ico'
2020-06-11 18:36:24.881 DEBUG 5968 --- [main] o.s.s.w.u.matcher.AntPathRequestMatcher  : Checking match of request : '/residents'; against '/auth/login'
2020-06-11 18:36:24.881 DEBUG 5968 --- [main] o.s.s.w.u.matcher.AntPathRequestMatcher  : Request 'GET /residents' doesn't match 'DELETE /api/residents/**'
2020-06-11 18:36:24.881 DEBUG 5968 --- [main] o.s.s.w.a.i.FilterSecurityInterceptor    : Secure object: FilterInvocation: URL: /residents; Attributes: [authenticated]
2020-06-11 18:36:24.881 DEBUG 5968 --- [main] o.s.s.w.a.i.FilterSecurityInterceptor    : Previously Authenticated: org.springframework.security.authentication.AnonymousAuthenticationToken@48ef6b8c: Principal: anonymousUser; Credentials: [PROTECTED]; Authenticated: true; Details: org.springframework.security.web.authentication.WebAuthenticationDetails@957e: RemoteIpAddress: 127.0.0.1; SessionId: null; Granted Authorities: ROLE_ANONYMOUS
2020-06-11 18:36:24.881 DEBUG 5968 --- [main] o.s.s.access.vote.AffirmativeBased       : Voter: org.springframework.security.web.access.expression.WebExpressionVoter@78141c58, returned: -1
2020-06-11 18:36:24.882 DEBUG 5968 --- [main] o.s.s.w.a.ExceptionTranslationFilter     : Access is denied (user is anonymous); redirecting to authentication entry point

org.springframework.security.access.AccessDeniedException: Access is denied
	at org.springframework.security.access.vote.AffirmativeBased.decide(AffirmativeBased.java:84) ~[spring-security-core-5.3.2.RELEASE.jar:5.3.2.RELEASE]
	at org.springframework.security.access.intercept.AbstractSecurityInterceptor.beforeInvocation(AbstractSecurityInterceptor.java:233) ~[spring-security-core-5.3.2.RELEASE.jar:5.3.2.RELEASE]
	at org.springframework.security.web.access.intercept.FilterSecurityInterceptor.invoke(FilterSecurityInterceptor.java:123) ~[spring-security-web-5.3.2.RELEASE.jar:5.3.2.RELEASE]
	at org.springframework.security.web.access.intercept.FilterSecurityInterceptor.doFilter(FilterSecurityInterceptor.java:90) ~[spring-security-web-5.3.2.RELEASE.jar:5.3.2.RELEASE]
	at org.springframework.security.web.FilterChainProxy$VirtualFilterChain.doFilter(FilterChainProxy.java:334) ~[spring-security-web-5.3.2.RELEASE.jar:5.3.2.RELEASE]
	at org.springframework.security.web.access.ExceptionTranslationFilter.doFilter(ExceptionTranslationFilter.java:118) ~[spring-security-web-5.3.2.RELEASE.jar:5.3.2.RELEASE]
	at org.springframework.security.web.FilterChainProxy$VirtualFilterChain.doFilter(FilterChainProxy.java:334) ~[spring-security-web-5.3.2.RELEASE.jar:5.3.2.RELEASE]
	at org.springframework.security.web.session.SessionManagementFilter.doFilter(SessionManagementFilter.java:137) ~[spring-security-web-5.3.2.RELEASE.jar:5.3.2.RELEASE]
	at org.springframework.security.web.FilterChainProxy$VirtualFilterChain.doFilter(FilterChainProxy.java:334) ~[spring-security-web-5.3.2.RELEASE.jar:5.3.2.RELEASE]
	at org.springframework.security.web.authentication.AnonymousAuthenticationFilter.doFilter(AnonymousAuthenticationFilter.java:111) ~[spring-security-web-5.3.2.RELEASE.jar:5.3.2.RELEASE]
	at org.springframework.security.web.FilterChainProxy$VirtualFilterChain.doFilter(FilterChainProxy.java:334) ~[spring-security-web-5.3.2.RELEASE.jar:5.3.2.RELEASE]
	at org.springframework.security.web.servletapi.SecurityContextHolderAwareRequestFilter.doFilter(SecurityContextHolderAwareRequestFilter.java:158) ~[spring-security-web-5.3.2.RELEASE.jar:5.3.2.RELEASE]
	at org.springframework.security.web.FilterChainProxy$VirtualFilterChain.doFilter(FilterChainProxy.java:334) ~[spring-security-web-5.3.2.RELEASE.jar:5.3.2.RELEASE]
	at org.springframework.security.web.savedrequest.RequestCacheAwareFilter.doFilter(RequestCacheAwareFilter.java:63) ~[spring-security-web-5.3.2.RELEASE.jar:5.3.2.RELEASE]
	at org.springframework.security.web.FilterChainProxy$VirtualFilterChain.doFilter(FilterChainProxy.java:334) ~[spring-security-web-5.3.2.RELEASE.jar:5.3.2.RELEASE]
	at com.m1nist3r.dormitory.restful.security.jwt.JwtTokenAuthenticationFilter.doFilter(JwtTokenAuthenticationFilter.java:34) ~[classes/:na]
	at org.springframework.security.web.FilterChainProxy$VirtualFilterChain.doFilter(FilterChainProxy.java:334) ~[spring-security-web-5.3.2.RELEASE.jar:5.3.2.RELEASE]
	at org.springframework.security.web.authentication.logout.LogoutFilter.doFilter(LogoutFilter.java:116) ~[spring-security-web-5.3.2.RELEASE.jar:5.3.2.RELEASE]
	at org.springframework.security.web.FilterChainProxy$VirtualFilterChain.doFilter(FilterChainProxy.java:334) ~[spring-security-web-5.3.2.RELEASE.jar:5.3.2.RELEASE]
	at org.springframework.security.web.header.HeaderWriterFilter.doHeadersAfter(HeaderWriterFilter.java:92) ~[spring-security-web-5.3.2.RELEASE.jar:5.3.2.RELEASE]
	at org.springframework.security.web.header.HeaderWriterFilter.doFilterInternal(HeaderWriterFilter.java:77) ~[spring-security-web-5.3.2.RELEASE.jar:5.3.2.RELEASE]
	at org.springframework.web.filter.OncePerRequestFilter.doFilter(OncePerRequestFilter.java:119) ~[spring-web-5.2.6.RELEASE.jar:5.2.6.RELEASE]
	at org.springframework.security.web.FilterChainProxy$VirtualFilterChain.doFilter(FilterChainProxy.java:334) ~[spring-security-web-5.3.2.RELEASE.jar:5.3.2.RELEASE]
	at org.springframework.security.web.context.SecurityContextPersistenceFilter.doFilter(SecurityContextPersistenceFilter.java:105) ~[spring-security-web-5.3.2.RELEASE.jar:5.3.2.RELEASE]
	at org.springframework.security.web.FilterChainProxy$VirtualFilterChain.doFilter(FilterChainProxy.java:334) ~[spring-security-web-5.3.2.RELEASE.jar:5.3.2.RELEASE]
	at org.springframework.security.web.context.request.async.WebAsyncManagerIntegrationFilter.doFilterInternal(WebAsyncManagerIntegrationFilter.java:56) ~[spring-security-web-5.3.2.RELEASE.jar:5.3.2.RELEASE]
	at org.springframework.web.filter.OncePerRequestFilter.doFilter(OncePerRequestFilter.java:119) ~[spring-web-5.2.6.RELEASE.jar:5.2.6.RELEASE]
	at org.springframework.security.web.FilterChainProxy$VirtualFilterChain.doFilter(FilterChainProxy.java:334) ~[spring-security-web-5.3.2.RELEASE.jar:5.3.2.RELEASE]
	at org.springframework.security.web.FilterChainProxy.doFilterInternal(FilterChainProxy.java:215) ~[spring-security-web-5.3.2.RELEASE.jar:5.3.2.RELEASE]
	at org.springframework.security.web.FilterChainProxy.doFilter(FilterChainProxy.java:178) ~[spring-security-web-5.3.2.RELEASE.jar:5.3.2.RELEASE]
	at org.springframework.web.filter.DelegatingFilterProxy.invokeDelegate(DelegatingFilterProxy.java:358) ~[spring-web-5.2.6.RELEASE.jar:5.2.6.RELEASE]
	at org.springframework.web.filter.DelegatingFilterProxy.doFilter(DelegatingFilterProxy.java:271) ~[spring-web-5.2.6.RELEASE.jar:5.2.6.RELEASE]
	at org.springframework.mock.web.MockFilterChain.doFilter(MockFilterChain.java:134) ~[spring-test-5.2.6.RELEASE.jar:5.2.6.RELEASE]
	at org.springframework.web.filter.RequestContextFilter.doFilterInternal(RequestContextFilter.java:100) ~[spring-web-5.2.6.RELEASE.jar:5.2.6.RELEASE]
	at org.springframework.web.filter.OncePerRequestFilter.doFilter(OncePerRequestFilter.java:119) ~[spring-web-5.2.6.RELEASE.jar:5.2.6.RELEASE]
	at org.springframework.mock.web.MockFilterChain.doFilter(MockFilterChain.java:134) ~[spring-test-5.2.6.RELEASE.jar:5.2.6.RELEASE]
	at org.springframework.web.filter.FormContentFilter.doFilterInternal(FormContentFilter.java:93) ~[spring-web-5.2.6.RELEASE.jar:5.2.6.RELEASE]
	at org.springframework.web.filter.OncePerRequestFilter.doFilter(OncePerRequestFilter.java:119) ~[spring-web-5.2.6.RELEASE.jar:5.2.6.RELEASE]
	at org.springframework.mock.web.MockFilterChain.doFilter(MockFilterChain.java:134) ~[spring-test-5.2.6.RELEASE.jar:5.2.6.RELEASE]
	at org.springframework.web.filter.CharacterEncodingFilter.doFilterInternal(CharacterEncodingFilter.java:201) ~[spring-web-5.2.6.RELEASE.jar:5.2.6.RELEASE]
	at org.springframework.web.filter.OncePerRequestFilter.doFilter(OncePerRequestFilter.java:119) ~[spring-web-5.2.6.RELEASE.jar:5.2.6.RELEASE]
	at org.springframework.mock.web.MockFilterChain.doFilter(MockFilterChain.java:134) ~[spring-test-5.2.6.RELEASE.jar:5.2.6.RELEASE]
	at org.springframework.test.web.servlet.MockMvc.perform(MockMvc.java:183) ~[spring-test-5.2.6.RELEASE.jar:5.2.6.RELEASE]
	at com.m1nist3r.dormitory.restful.RestApplicationTests.shouldNotAllowAccessToUnauthenticatedUsers(RestApplicationTests.java:72) ~[test-classes/:na]
	at java.base/jdk.internal.reflect.NativeMethodAccessorImpl.invoke0(Native Method) ~[na:na]
	at java.base/jdk.internal.reflect.NativeMethodAccessorImpl.invoke(NativeMethodAccessorImpl.java:62) ~[na:na]
	at java.base/jdk.internal.reflect.DelegatingMethodAccessorImpl.invoke(DelegatingMethodAccessorImpl.java:43) ~[na:na]
	at java.base/java.lang.reflect.Method.invoke(Method.java:564) ~[na:na]
	at org.junit.platform.commons.util.ReflectionUtils.invokeMethod(ReflectionUtils.java:686) ~[junit-platform-commons-1.6.2.jar:1.6.2]
	at org.junit.jupiter.engine.execution.MethodInvocation.proceed(MethodInvocation.java:60) ~[junit-jupiter-engine-5.6.2.jar:5.6.2]
	at org.junit.jupiter.engine.execution.InvocationInterceptorChain$ValidatingInvocation.proceed(InvocationInterceptorChain.java:131) ~[junit-jupiter-engine-5.6.2.jar:5.6.2]
	at org.junit.jupiter.engine.extension.TimeoutExtension.intercept(TimeoutExtension.java:149) ~[junit-jupiter-engine-5.6.2.jar:5.6.2]
	at org.junit.jupiter.engine.extension.TimeoutExtension.interceptTestableMethod(TimeoutExtension.java:140) ~[junit-jupiter-engine-5.6.2.jar:5.6.2]
	at org.junit.jupiter.engine.extension.TimeoutExtension.interceptTestMethod(TimeoutExtension.java:84) ~[junit-jupiter-engine-5.6.2.jar:5.6.2]
	at org.junit.jupiter.engine.execution.ExecutableInvoker$ReflectiveInterceptorCall.lambda$ofVoidMethod$0(ExecutableInvoker.java:115) ~[junit-jupiter-engine-5.6.2.jar:5.6.2]
	at org.junit.jupiter.engine.execution.ExecutableInvoker.lambda$invoke$0(ExecutableInvoker.java:105) ~[junit-jupiter-engine-5.6.2.jar:5.6.2]
	at org.junit.jupiter.engine.execution.InvocationInterceptorChain$InterceptedInvocation.proceed(InvocationInterceptorChain.java:106) ~[junit-jupiter-engine-5.6.2.jar:5.6.2]
	at org.junit.jupiter.engine.execution.InvocationInterceptorChain.proceed(InvocationInterceptorChain.java:64) ~[junit-jupiter-engine-5.6.2.jar:5.6.2]
	at org.junit.jupiter.engine.execution.InvocationInterceptorChain.chainAndInvoke(InvocationInterceptorChain.java:45) ~[junit-jupiter-engine-5.6.2.jar:5.6.2]
	at org.junit.jupiter.engine.execution.InvocationInterceptorChain.invoke(InvocationInterceptorChain.java:37) ~[junit-jupiter-engine-5.6.2.jar:5.6.2]
	at org.junit.jupiter.engine.execution.ExecutableInvoker.invoke(ExecutableInvoker.java:104) ~[junit-jupiter-engine-5.6.2.jar:5.6.2]
	at org.junit.jupiter.engine.execution.ExecutableInvoker.invoke(ExecutableInvoker.java:98) ~[junit-jupiter-engine-5.6.2.jar:5.6.2]
	at org.junit.jupiter.engine.descriptor.TestMethodTestDescriptor.lambda$invokeTestMethod$6(TestMethodTestDescriptor.java:212) ~[junit-jupiter-engine-5.6.2.jar:5.6.2]
	at org.junit.platform.engine.support.hierarchical.ThrowableCollector.execute(ThrowableCollector.java:73) ~[junit-platform-engine-1.6.2.jar:1.6.2]
	at org.junit.jupiter.engine.descriptor.TestMethodTestDescriptor.invokeTestMethod(TestMethodTestDescriptor.java:208) ~[junit-jupiter-engine-5.6.2.jar:5.6.2]
	at org.junit.jupiter.engine.descriptor.TestMethodTestDescriptor.execute(TestMethodTestDescriptor.java:137) ~[junit-jupiter-engine-5.6.2.jar:5.6.2]
	at org.junit.jupiter.engine.descriptor.TestMethodTestDescriptor.execute(TestMethodTestDescriptor.java:71) ~[junit-jupiter-engine-5.6.2.jar:5.6.2]
	at org.junit.platform.engine.support.hierarchical.NodeTestTask.lambda$executeRecursively$5(NodeTestTask.java:135) ~[junit-platform-engine-1.6.2.jar:1.6.2]
	at org.junit.platform.engine.support.hierarchical.ThrowableCollector.execute(ThrowableCollector.java:73) ~[junit-platform-engine-1.6.2.jar:1.6.2]
	at org.junit.platform.engine.support.hierarchical.NodeTestTask.lambda$executeRecursively$7(NodeTestTask.java:125) ~[junit-platform-engine-1.6.2.jar:1.6.2]
	at org.junit.platform.engine.support.hierarchical.Node.around(Node.java:135) ~[junit-platform-engine-1.6.2.jar:1.6.2]
	at org.junit.platform.engine.support.hierarchical.NodeTestTask.lambda$executeRecursively$8(NodeTestTask.java:123) ~[junit-platform-engine-1.6.2.jar:1.6.2]
	at org.junit.platform.engine.support.hierarchical.ThrowableCollector.execute(ThrowableCollector.java:73) ~[junit-platform-engine-1.6.2.jar:1.6.2]
	at org.junit.platform.engine.support.hierarchical.NodeTestTask.executeRecursively(NodeTestTask.java:122) ~[junit-platform-engine-1.6.2.jar:1.6.2]
	at org.junit.platform.engine.support.hierarchical.NodeTestTask.execute(NodeTestTask.java:80) ~[junit-platform-engine-1.6.2.jar:1.6.2]
	at java.base/java.util.ArrayList.forEach(ArrayList.java:1510) ~[na:na]
	at org.junit.platform.engine.support.hierarchical.SameThreadHierarchicalTestExecutorService.invokeAll(SameThreadHierarchicalTestExecutorService.java:38) ~[junit-platform-engine-1.6.2.jar:1.6.2]
	at org.junit.platform.engine.support.hierarchical.NodeTestTask.lambda$executeRecursively$5(NodeTestTask.java:139) ~[junit-platform-engine-1.6.2.jar:1.6.2]
	at org.junit.platform.engine.support.hierarchical.ThrowableCollector.execute(ThrowableCollector.java:73) ~[junit-platform-engine-1.6.2.jar:1.6.2]
	at org.junit.platform.engine.support.hierarchical.NodeTestTask.lambda$executeRecursively$7(NodeTestTask.java:125) ~[junit-platform-engine-1.6.2.jar:1.6.2]
	at org.junit.platform.engine.support.hierarchical.Node.around(Node.java:135) ~[junit-platform-engine-1.6.2.jar:1.6.2]
	at org.junit.platform.engine.support.hierarchical.NodeTestTask.lambda$executeRecursively$8(NodeTestTask.java:123) ~[junit-platform-engine-1.6.2.jar:1.6.2]
	at org.junit.platform.engine.support.hierarchical.ThrowableCollector.execute(ThrowableCollector.java:73) ~[junit-platform-engine-1.6.2.jar:1.6.2]
	at org.junit.platform.engine.support.hierarchical.NodeTestTask.executeRecursively(NodeTestTask.java:122) ~[junit-platform-engine-1.6.2.jar:1.6.2]
	at org.junit.platform.engine.support.hierarchical.NodeTestTask.execute(NodeTestTask.java:80) ~[junit-platform-engine-1.6.2.jar:1.6.2]
	at java.base/java.util.ArrayList.forEach(ArrayList.java:1510) ~[na:na]
	at org.junit.platform.engine.support.hierarchical.SameThreadHierarchicalTestExecutorService.invokeAll(SameThreadHierarchicalTestExecutorService.java:38) ~[junit-platform-engine-1.6.2.jar:1.6.2]
	at org.junit.platform.engine.support.hierarchical.NodeTestTask.lambda$executeRecursively$5(NodeTestTask.java:139) ~[junit-platform-engine-1.6.2.jar:1.6.2]
	at org.junit.platform.engine.support.hierarchical.ThrowableCollector.execute(ThrowableCollector.java:73) ~[junit-platform-engine-1.6.2.jar:1.6.2]
	at org.junit.platform.engine.support.hierarchical.NodeTestTask.lambda$executeRecursively$7(NodeTestTask.java:125) ~[junit-platform-engine-1.6.2.jar:1.6.2]
	at org.junit.platform.engine.support.hierarchical.Node.around(Node.java:135) ~[junit-platform-engine-1.6.2.jar:1.6.2]
	at org.junit.platform.engine.support.hierarchical.NodeTestTask.lambda$executeRecursively$8(NodeTestTask.java:123) ~[junit-platform-engine-1.6.2.jar:1.6.2]
	at org.junit.platform.engine.support.hierarchical.ThrowableCollector.execute(ThrowableCollector.java:73) ~[junit-platform-engine-1.6.2.jar:1.6.2]
	at org.junit.platform.engine.support.hierarchical.NodeTestTask.executeRecursively(NodeTestTask.java:122) ~[junit-platform-engine-1.6.2.jar:1.6.2]
	at org.junit.platform.engine.support.hierarchical.NodeTestTask.execute(NodeTestTask.java:80) ~[junit-platform-engine-1.6.2.jar:1.6.2]
	at org.junit.platform.engine.support.hierarchical.SameThreadHierarchicalTestExecutorService.submit(SameThreadHierarchicalTestExecutorService.java:32) ~[junit-platform-engine-1.6.2.jar:1.6.2]
	at org.junit.platform.engine.support.hierarchical.HierarchicalTestExecutor.execute(HierarchicalTestExecutor.java:57) ~[junit-platform-engine-1.6.2.jar:1.6.2]
	at org.junit.platform.engine.support.hierarchical.HierarchicalTestEngine.execute(HierarchicalTestEngine.java:51) ~[junit-platform-engine-1.6.2.jar:1.6.2]
	at org.junit.platform.launcher.core.DefaultLauncher.execute(DefaultLauncher.java:220) ~[junit-platform-launcher-1.3.1.jar:1.3.1]
	at org.junit.platform.launcher.core.DefaultLauncher.lambda$execute$6(DefaultLauncher.java:188) ~[junit-platform-launcher-1.3.1.jar:1.3.1]
	at org.junit.platform.launcher.core.DefaultLauncher.withInterceptedStreams(DefaultLauncher.java:202) ~[junit-platform-launcher-1.3.1.jar:1.3.1]
	at org.junit.platform.launcher.core.DefaultLauncher.execute(DefaultLauncher.java:181) ~[junit-platform-launcher-1.3.1.jar:1.3.1]
	at org.junit.platform.launcher.core.DefaultLauncher.execute(DefaultLauncher.java:128) ~[junit-platform-launcher-1.3.1.jar:1.3.1]
	at org.apache.maven.surefire.junitplatform.JUnitPlatformProvider.invokeAllTests(JUnitPlatformProvider.java:150) ~[surefire-junit-platform-2.22.2.jar:2.22.2]
	at org.apache.maven.surefire.junitplatform.JUnitPlatformProvider.invoke(JUnitPlatformProvider.java:124) ~[surefire-junit-platform-2.22.2.jar:2.22.2]
	at org.apache.maven.surefire.booter.ForkedBooter.invokeProviderInSameClassLoader(ForkedBooter.java:384) ~[surefire-booter-2.22.2.jar:2.22.2]
	at org.apache.maven.surefire.booter.ForkedBooter.runSuitesInProcess(ForkedBooter.java:345) ~[surefire-booter-2.22.2.jar:2.22.2]
	at org.apache.maven.surefire.booter.ForkedBooter.execute(ForkedBooter.java:126) ~[surefire-booter-2.22.2.jar:2.22.2]
	at org.apache.maven.surefire.booter.ForkedBooter.main(ForkedBooter.java:418) ~[surefire-booter-2.22.2.jar:2.22.2]

2020-06-11 18:36:24.885 DEBUG 5968 --- [main] o.s.s.w.a.ExceptionTranslationFilter     : Calling Authentication entry point.
2020-06-11 18:36:24.886 DEBUG 5968 --- [main] o.s.s.w.header.writers.HstsHeaderWriter  : Not injecting HSTS header since it did not match the requestMatcher org.springframework.security.web.header.writers.HstsHeaderWriter$SecureRequestMatcher@64245ca9
2020-06-11 18:36:24.886 DEBUG 5968 --- [main] s.s.w.c.SecurityContextPersistenceFilter : SecurityContextHolder now cleared, as request processing completed
2020-06-11 18:36:24.942  INFO 5968 --- [SpringContextShutdownHook] j.LocalContainerEntityManagerFactoryBean : Closing JPA EntityManagerFactory for persistence unit 'default'
2020-06-11 18:36:24.944  INFO 5968 --- [SpringContextShutdownHook] o.s.s.concurrent.ThreadPoolTaskExecutor  : Shutting down ExecutorService 'applicationTaskExecutor'
2020-06-11 18:36:24.944  INFO 5968 --- [SpringContextShutdownHook] com.zaxxer.hikari.HikariDataSource       : HikariPool-1 - Shutdown initiated...
2020-06-11 18:36:24.952  INFO 5968 --- [SpringContextShutdownHook] com.zaxxer.hikari.HikariDataSource       : HikariPool-1 - Shutdown completed.
